
+Now Processing SETUP Information
+Processing Setup... 

***********************
 OPENING FILE: 

   DEM File #:         1
   DEM File Name: TMPDM000.DM1

   Partial analysis of file structure using first    10240 characters.

     Number of bytes read:        10240
     File Type:            One Continuous Record - ASCII File
 
 CLOSING THE FILE.

***********************
 OPENING FILE: 

   DEM File #:         2
   DEM File Name: TMPDM001.DM1

   Partial analysis of file structure using first    10240 characters.

     Number of bytes read:        10240
     File Type:            One Continuous Record - ASCII File
 
 CLOSING THE FILE.

***********************
 OPENING FILE: 

   DEM File #:         3
   DEM File Name: TMPDM002.DM1

   Partial analysis of file structure using first    10240 characters.

     Number of bytes read:        10240
     File Type:            One Continuous Record - ASCII File
 
 CLOSING THE FILE.

***********************
 OPENING FILE: 

   DEM File #:         4
   DEM File Name: TMPDM003.DM1

   Partial analysis of file structure using first    10240 characters.

     Number of bytes read:        10240
     File Type:            One Continuous Record - ASCII File
 
 CLOSING THE FILE.

***********************
 OPENING FILE: 

   DEM File #:         5
   DEM File Name: TMPDM004.DM1

   Partial analysis of file structure using first    10240 characters.

     Number of bytes read:        10240
     File Type:            One Continuous Record - ASCII File
 
 CLOSING THE FILE.

***********************
 OPENING FILE: 

   DEM File #:         6
   DEM File Name: TMPDM005.DM1

   Partial analysis of file structure using first    10240 characters.

     Number of bytes read:        10240
     File Type:            One Continuous Record - ASCII File
 
 CLOSING THE FILE.

***********************
 OPENING FILE: 

   DEM File #:         7
   DEM File Name: TMPDM006.DM1

   Partial analysis of file structure using first    10240 characters.

     Number of bytes read:        10240
     File Type:            One Continuous Record - ASCII File
 
 CLOSING THE FILE.

***********************
 OPENING FILE: 

   DEM File #:         8
   DEM File Name: TMPDM007.DM1

   Partial analysis of file structure using first    10240 characters.

     Number of bytes read:        10240
     File Type:            One Continuous Record - ASCII File
 
 CLOSING THE FILE.

***********************
 OPENING FILE: 

   DEM File #:         9
   DEM File Name: TMPDM008.DM1

   Partial analysis of file structure using first    10240 characters.

     Number of bytes read:        10240
     File Type:            One Continuous Record - ASCII File
 
 CLOSING THE FILE.

***********************
 OPENING FILE: 

   DEM File #:        10
   DEM File Name: TMPDM009.DM1

   Partial analysis of file structure using first    10240 characters.

     Number of bytes read:        10240
     File Type:            One Continuous Record - ASCII File
 
 CLOSING THE FILE.

***********************
 OPENING FILE: 

   DEM File #:        11
   DEM File Name: TMPDM010.DM1

   Partial analysis of file structure using first    10240 characters.

     Number of bytes read:        10240
     File Type:            One Continuous Record - ASCII File
 
 CLOSING THE FILE.

***********************
 OPENING FILE: 

   DEM File #:        12
   DEM File Name: TMPDM011.DM1

   Partial analysis of file structure using first    10240 characters.

     Number of bytes read:        10240
     File Type:            One Continuous Record - ASCII File
 
 CLOSING THE FILE.

***********************
 OPENING FILE: 

   DEM File #:        13
   DEM File Name: TMPDM012.DM1

   Partial analysis of file structure using first    10240 characters.

     Number of bytes read:        10240
     File Type:            One Continuous Record - ASCII File
 
 CLOSING THE FILE.

***********************
 OPENING FILE: 

   DEM File #:        14
   DEM File Name: TMPDM013.DM1

   Partial analysis of file structure using first    10240 characters.

     Number of bytes read:        10240
     File Type:            One Continuous Record - ASCII File
 
 CLOSING THE FILE.

***********************
 OPENING FILE: 

   DEM File #:        15
   DEM File Name: TMPDM014.DM1

   Partial analysis of file structure using first    10240 characters.

     Number of bytes read:        10240
     File Type:            One Continuous Record - ASCII File
 
 CLOSING THE FILE.

***********************
 OPENING FILE: 

   DEM File #:        16
   DEM File Name: TMPDM015.DM1

   Partial analysis of file structure using first    10240 characters.

     Number of bytes read:        10240
     File Type:            One Continuous Record - ASCII File
 
 CLOSING THE FILE.

***********************
 OPENING FILE: 

   DEM File #:        17
   DEM File Name: TMPDM016.DM1

   Partial analysis of file structure using first    10240 characters.

     Number of bytes read:        10240
     File Type:            One Continuous Record - ASCII File
 
 CLOSING THE FILE.

***********************
 OPENING FILE: 

   DEM File #:        18
   DEM File Name: TMPDM017.DM1

   Partial analysis of file structure using first    10240 characters.

     Number of bytes read:        10240
     File Type:            One Continuous Record - ASCII File
 
 CLOSING THE FILE.

***********************
 OPENING FILE: 

   DEM File #:        19
   DEM File Name: TMPDM018.DM1

   Partial analysis of file structure using first    10240 characters.

     Number of bytes read:        10240
     File Type:            One Continuous Record - ASCII File
 
 CLOSING THE FILE.

***********************
 OPENING FILE: 

   DEM File #:        20
   DEM File Name: TMPDM019.DM1

   Partial analysis of file structure using first    10240 characters.

     Number of bytes read:        10240
     File Type:            One Continuous Record - ASCII File
 
 CLOSING THE FILE.

***********************
 OPENING FILE: 

   DEM File #:        21
   DEM File Name: TMPDM020.DM1

   Partial analysis of file structure using first    10240 characters.

     Number of bytes read:        10240
     File Type:            One Continuous Record - ASCII File
 
 CLOSING THE FILE.

***********************
 OPENING FILE: 

   DEM File #:        22
   DEM File Name: TMPDM021.DM1

   Partial analysis of file structure using first    10240 characters.

     Number of bytes read:        10240
     File Type:            One Continuous Record - ASCII File
 
 CLOSING THE FILE.

***********************
 OPENING FILE: 

   DEM File #:        23
   DEM File Name: TMPDM022.DM1

   Partial analysis of file structure using first    10240 characters.

     Number of bytes read:        10240
     File Type:            One Continuous Record - ASCII File
 
 CLOSING THE FILE.

***********************
 OPENING FILE: 

   DEM File #:        24
   DEM File Name: TMPDM023.DM1

   Partial analysis of file structure using first    10240 characters.

     Number of bytes read:        10240
     File Type:            One Continuous Record - ASCII File
 
 CLOSING THE FILE.

***********************
 OPENING FILE: 

   DEM File #:        25
   DEM File Name: TMPDM024.DM1

   Partial analysis of file structure using first    10240 characters.

     Number of bytes read:        10240
     File Type:            One Continuous Record - ASCII File
 
 CLOSING THE FILE.

***********************
 OPENING FILE: 

   DEM File #:        26
   DEM File Name: TMPDM025.DM1

   Partial analysis of file structure using first    10240 characters.

     Number of bytes read:        10240
     File Type:            One Continuous Record - ASCII File
 
 CLOSING THE FILE.

***********************
 OPENING FILE: 

   DEM File #:        27
   DEM File Name: TMPDM026.DM1

   Partial analysis of file structure using first    10240 characters.

     Number of bytes read:        10240
     File Type:            One Continuous Record - ASCII File
 
 CLOSING THE FILE.

***********************
 OPENING FILE: 

   DEM File #:        28
   DEM File Name: TMPDM027.DM1

   Partial analysis of file structure using first    10240 characters.

     Number of bytes read:        10240
     File Type:            One Continuous Record - ASCII File
 
 CLOSING THE FILE.

***********************
 OPENING FILE: 

   DEM File #:        29
   DEM File Name: TMPDM028.DM1

   Partial analysis of file structure using first    10240 characters.

     Number of bytes read:        10240
     File Type:            One Continuous Record - ASCII File
 
 CLOSING THE FILE.

***********************
 OPENING FILE: 

   DEM File #:        30
   DEM File Name: TMPDM029.DM1

   Partial analysis of file structure using first    10240 characters.

     Number of bytes read:        10240
     File Type:            One Continuous Record - ASCII File
 
 CLOSING THE FILE.

***********************
 OPENING FILE: 

   DEM File #:        31
   DEM File Name: TMPDM030.DM1

   Partial analysis of file structure using first    10240 characters.

     Number of bytes read:        10240
     File Type:            One Continuous Record - ASCII File
 
 CLOSING THE FILE.

***********************
 OPENING FILE: 

   DEM File #:        32
   DEM File Name: TMPDM031.DM1

   Partial analysis of file structure using first    10240 characters.

     Number of bytes read:        10240
     File Type:            One Continuous Record - ASCII File
 
 CLOSING THE FILE.

***********************
 OPENING FILE: 

   DEM File #:        33
   DEM File Name: TMPDM032.DM1

   Partial analysis of file structure using first    10240 characters.

     Number of bytes read:        10240
     File Type:            One Continuous Record - ASCII File
 
 CLOSING THE FILE.

***********************
 OPENING FILE: 

   DEM File #:        34
   DEM File Name: TMPDM033.DM1

   Partial analysis of file structure using first    10240 characters.

     Number of bytes read:        10240
     File Type:            One Continuous Record - ASCII File
 
 CLOSING THE FILE.

***********************
 OPENING FILE: 

   DEM File #:        35
   DEM File Name: TMPDM034.DM1

   Partial analysis of file structure using first    10240 characters.

     Number of bytes read:        10240
     File Type:            One Continuous Record - ASCII File
 
 CLOSING THE FILE.

***********************
 OPENING FILE: 

   DEM File #:        36
   DEM File Name: TMPDM035.DM1

   Partial analysis of file structure using first    10240 characters.

     Number of bytes read:        10240
     File Type:            One Continuous Record - ASCII File
 
 CLOSING THE FILE.

***********************
 OPENING FILE: 

   DEM File #:        37
   DEM File Name: TMPDM036.DM1

   Partial analysis of file structure using first    10240 characters.

     Number of bytes read:        10240
     File Type:            One Continuous Record - ASCII File
 
 CLOSING THE FILE.

***********************
 OPENING FILE: 

   DEM File #:        38
   DEM File Name: TMPDM037.DM1

   Partial analysis of file structure using first    10240 characters.

     Number of bytes read:        10240
     File Type:            One Continuous Record - ASCII File
 
 CLOSING THE FILE.

***********************
 OPENING FILE: 

   DEM File #:        39
   DEM File Name: TMPDM038.DM1

   Partial analysis of file structure using first    10240 characters.

     Number of bytes read:        10240
     File Type:            One Continuous Record - ASCII File
 
 CLOSING THE FILE.

***********************
 OPENING FILE: 

   DEM File #:        40
   DEM File Name: TMPDM039.DM1

   Partial analysis of file structure using first    10240 characters.

     Number of bytes read:        10240
     File Type:            One Continuous Record - ASCII File
 
 CLOSING THE FILE.

***********************
 OPENING FILE: 

   DEM File #:        41
   DEM File Name: TMPDM040.DM1

   Partial analysis of file structure using first    10240 characters.

     Number of bytes read:        10240
     File Type:            One Continuous Record - ASCII File
 
 CLOSING THE FILE.

***********************
 OPENING FILE: 

   DEM File #:        42
   DEM File Name: TMPDM041.DM1

   Partial analysis of file structure using first    10240 characters.

     Number of bytes read:        10240
     File Type:            One Continuous Record - ASCII File
 
 CLOSING THE FILE.

***********************
 OPENING FILE: 

   DEM File #:        43
   DEM File Name: TMPDM042.DM1

   Partial analysis of file structure using first    10240 characters.

     Number of bytes read:        10240
     File Type:            One Continuous Record - ASCII File
 
 CLOSING THE FILE.

***********************
 OPENING FILE: 

   DEM File #:        44
   DEM File Name: TMPDM043.DM1

   Partial analysis of file structure using first    10240 characters.

     Number of bytes read:        10240
     File Type:            One Continuous Record - ASCII File
 
 CLOSING THE FILE.

***********************
 OPENING FILE: 

   DEM File #:        45
   DEM File Name: TMPDM044.DM1

   Partial analysis of file structure using first    10240 characters.

     Number of bytes read:        10240
     File Type:            One Continuous Record - ASCII File
 
 CLOSING THE FILE.

***********************
 OPENING FILE: 

   DEM File #:        46
   DEM File Name: TMPDM045.DM1

   Partial analysis of file structure using first    10240 characters.

     Number of bytes read:        10240
     File Type:            One Continuous Record - ASCII File
 
 CLOSING THE FILE.

***********************
 OPENING FILE: 

   DEM File #:        47
   DEM File Name: TMPDM046.DM1

   Partial analysis of file structure using first    10240 characters.

     Number of bytes read:        10240
     File Type:            One Continuous Record - ASCII File
 
 CLOSING THE FILE.

***********************
 OPENING FILE: 

   DEM File #:        48
   DEM File Name: TMPDM047.DM1

   Partial analysis of file structure using first    10240 characters.

     Number of bytes read:        10240
     File Type:            One Continuous Record - ASCII File
 
 CLOSING THE FILE.

***********************
 OPENING FILE: 

   DEM File #:        49
   DEM File Name: TMPDM048.DM1

   Partial analysis of file structure using first    10240 characters.

     Number of bytes read:        10240
     File Type:            One Continuous Record - ASCII File
 
 CLOSING THE FILE.

***********************
 OPENING FILE: 

   DEM File #:        50
   DEM File Name: TMPDM049.DM1

   Partial analysis of file structure using first    10240 characters.

     Number of bytes read:        10240
     File Type:            One Continuous Record - ASCII File
 
 CLOSING THE FILE.

***********************
 OPENING FILE: 

   DEM File #:        51
   DEM File Name: TMPDM050.DM1

   Partial analysis of file structure using first    10240 characters.

     Number of bytes read:        10240
     File Type:            One Continuous Record - ASCII File
 
 CLOSING THE FILE.

***********************
 OPENING FILE: 

   DEM File #:        52
   DEM File Name: TMPDM051.DM1

   Partial analysis of file structure using first    10240 characters.

     Number of bytes read:        10240
     File Type:            One Continuous Record - ASCII File
 
 CLOSING THE FILE.

***********************
 OPENING FILE: 

   DEM File #:        53
   DEM File Name: TMPDM052.DM1

   Partial analysis of file structure using first    10240 characters.

     Number of bytes read:        10240
     File Type:            One Continuous Record - ASCII File
 
 CLOSING THE FILE.

***********************
 OPENING FILE: 

   DEM File #:        54
   DEM File Name: TMPDM053.DM1

   Partial analysis of file structure using first    10240 characters.

     Number of bytes read:        10240
     File Type:            One Continuous Record - ASCII File
 
 CLOSING THE FILE.

***********************
 OPENING FILE: 

   DEM File #:        55
   DEM File Name: TMPDM054.DM1

   Partial analysis of file structure using first    10240 characters.

     Number of bytes read:        10240
     File Type:            One Continuous Record - ASCII File
 
 CLOSING THE FILE.

***********************
 OPENING FILE: 

   DEM File #:        56
   DEM File Name: TMPDM055.DM1

   Partial analysis of file structure using first    10240 characters.

     Number of bytes read:        10240
     File Type:            One Continuous Record - ASCII File
 
 CLOSING THE FILE.

***********************
 OPENING FILE: 

   DEM File #:        57
   DEM File Name: TMPDM056.DM1

   Partial analysis of file structure using first    10240 characters.

     Number of bytes read:        10240
     File Type:            One Continuous Record - ASCII File
 
 CLOSING THE FILE.

***********************
 OPENING FILE: 

   DEM File #:        58
   DEM File Name: TMPDM057.DM1

   Partial analysis of file structure using first    10240 characters.

     Number of bytes read:        10240
     File Type:            One Continuous Record - ASCII File
 
 CLOSING THE FILE.

***********************
 OPENING FILE: 

   DEM File #:        59
   DEM File Name: TMPDM058.DM1

   Partial analysis of file structure using first    10240 characters.

     Number of bytes read:        10240
     File Type:            One Continuous Record - ASCII File
 
 CLOSING THE FILE.

***********************
 OPENING FILE: 

   DEM File #:        60
   DEM File Name: TMPDM059.DM1

   Partial analysis of file structure using first    10240 characters.

     Number of bytes read:        10240
     File Type:            One Continuous Record - ASCII File
 
 CLOSING THE FILE.

***********************
 OPENING FILE: 

   DEM File #:        61
   DEM File Name: TMPDM060.DM1

   Partial analysis of file structure using first    10240 characters.

     Number of bytes read:        10240
     File Type:            One Continuous Record - ASCII File
 
 CLOSING THE FILE.

***********************
 OPENING FILE: 

   DEM File #:        62
   DEM File Name: TMPDM061.DM1

   Partial analysis of file structure using first    10240 characters.

     Number of bytes read:        10240
     File Type:            One Continuous Record - ASCII File
 
 CLOSING THE FILE.

***********************
 OPENING FILE: 

   DEM File #:        63
   DEM File Name: TMPDM062.DM1

   Partial analysis of file structure using first    10240 characters.

     Number of bytes read:        10240
     File Type:            One Continuous Record - ASCII File
 
 CLOSING THE FILE.

***********************
 OPENING FILE: 

   DEM File #:        64
   DEM File Name: TMPDM063.DM1

   Partial analysis of file structure using first    10240 characters.

     Number of bytes read:        10240
     File Type:            One Continuous Record - ASCII File
 
 CLOSING THE FILE.

***********************
 OPENING FILE: 

   DEM File #:        65
   DEM File Name: TMPDM064.DM1

   Partial analysis of file structure using first    10240 characters.

     Number of bytes read:        10240
     File Type:            One Continuous Record - ASCII File
 
 CLOSING THE FILE.

***********************
 OPENING FILE: 

   DEM File #:        66
   DEM File Name: TMPDM065.DM1

   Partial analysis of file structure using first    10240 characters.

     Number of bytes read:        10240
     File Type:            One Continuous Record - ASCII File
 
 CLOSING THE FILE.

***********************
 OPENING FILE: 

   DEM File #:        67
   DEM File Name: TMPDM066.DM1

   Partial analysis of file structure using first    10240 characters.

     Number of bytes read:        10240
     File Type:            One Continuous Record - ASCII File
 
 CLOSING THE FILE.

***********************
 OPENING FILE: 

   DEM File #:        68
   DEM File Name: TMPDM067.DM1

   Partial analysis of file structure using first    10240 characters.

     Number of bytes read:        10240
     File Type:            One Continuous Record - ASCII File
 
 CLOSING THE FILE.

***********************
 OPENING FILE: 

   DEM File #:        69
   DEM File Name: TMPDM068.DM1

   Partial analysis of file structure using first    10240 characters.

     Number of bytes read:        10240
     File Type:            One Continuous Record - ASCII File
 
 CLOSING THE FILE.

***********************
 OPENING FILE: 

   DEM File #:        70
   DEM File Name: TMPDM069.DM1

   Partial analysis of file structure using first    10240 characters.

     Number of bytes read:        10240
     File Type:            One Continuous Record - ASCII File
 
 CLOSING THE FILE.

***********************
 OPENING FILE: 

   DEM File #:        71
   DEM File Name: TMPDM070.DM1

   Partial analysis of file structure using first    10240 characters.

     Number of bytes read:        10240
     File Type:            One Continuous Record - ASCII File
 
 CLOSING THE FILE.

***********************
 OPENING FILE: 

   DEM File #:        72
   DEM File Name: TMPDM071.DM1

   Partial analysis of file structure using first    10240 characters.

     Number of bytes read:        10240
     File Type:            One Continuous Record - ASCII File
 
 CLOSING THE FILE.

***********************
 OPENING FILE: 

   DEM File #:        73
   DEM File Name: TMPDM072.DM1

   Partial analysis of file structure using first    10240 characters.

     Number of bytes read:        10240
     File Type:            One Continuous Record - ASCII File
 
 CLOSING THE FILE.

***********************
 OPENING FILE: 

   DEM File #:        74
   DEM File Name: TMPDM073.DM1

   Partial analysis of file structure using first    10240 characters.

     Number of bytes read:        10240
     File Type:            One Continuous Record - ASCII File
 
 CLOSING THE FILE.

***********************
 OPENING FILE: 

   DEM File #:        75
   DEM File Name: TMPDM074.DM1

   Partial analysis of file structure using first    10240 characters.

     Number of bytes read:        10240
     File Type:            One Continuous Record - ASCII File
 
 CLOSING THE FILE.

***********************
 OPENING FILE: 

   DEM File #:        76
   DEM File Name: TMPDM075.DM1

   Partial analysis of file structure using first    10240 characters.

     Number of bytes read:        10240
     File Type:            One Continuous Record - ASCII File
 
 CLOSING THE FILE.

***********************
 OPENING FILE: 

   DEM File #:        77
   DEM File Name: TMPDM076.DM1

   Partial analysis of file structure using first    10240 characters.

     Number of bytes read:        10240
     File Type:            One Continuous Record - ASCII File
 
 CLOSING THE FILE.

***********************
 OPENING FILE: 

   DEM File #:        78
   DEM File Name: TMPDM077.DM1

   Partial analysis of file structure using first    10240 characters.

     Number of bytes read:        10240
     File Type:            One Continuous Record - ASCII File
 
 CLOSING THE FILE.

***********************
 OPENING FILE: 

   DEM File #:        79
   DEM File Name: TMPDM078.DM1

   Partial analysis of file structure using first    10240 characters.

     Number of bytes read:        10240
     File Type:            One Continuous Record - ASCII File
 
 CLOSING THE FILE.

***********************
 OPENING FILE: 

   DEM File #:        80
   DEM File Name: TMPDM079.DM1

   Partial analysis of file structure using first    10240 characters.

     Number of bytes read:        10240
     File Type:            One Continuous Record - ASCII File
 
 CLOSING THE FILE.

***********************
 OPENING FILE: 

   DEM File #:        81
   DEM File Name: TMPDM080.DM1

   Partial analysis of file structure using first    10240 characters.

     Number of bytes read:        10240
     File Type:            One Continuous Record - ASCII File
 
 CLOSING THE FILE.

***********************
 OPENING FILE: 

   DEM File #:        82
   DEM File Name: TMPDM081.DM1

   Partial analysis of file structure using first    10240 characters.

     Number of bytes read:        10240
     File Type:            One Continuous Record - ASCII File
 
 CLOSING THE FILE.

***********************
 OPENING FILE: 

   DEM File #:        83
   DEM File Name: TMPDM082.DM1

   Partial analysis of file structure using first    10240 characters.

     Number of bytes read:        10240
     File Type:            One Continuous Record - ASCII File
 
 CLOSING THE FILE.

***********************
 OPENING FILE: 

   DEM File #:        84
   DEM File Name: TMPDM083.DM1

   Partial analysis of file structure using first    10240 characters.

     Number of bytes read:        10240
     File Type:            One Continuous Record - ASCII File
 
 CLOSING THE FILE.

***********************
 OPENING FILE: 

   DEM File #:        85
   DEM File Name: TMPDM084.DM1

   Partial analysis of file structure using first    10240 characters.

     Number of bytes read:        10240
     File Type:            One Continuous Record - ASCII File
 
 CLOSING THE FILE.

***********************
 OPENING FILE: 

   DEM File #:        86
   DEM File Name: TMPDM085.DM1

   Partial analysis of file structure using first    10240 characters.

     Number of bytes read:        10240
     File Type:            One Continuous Record - ASCII File
 
 CLOSING THE FILE.

***********************
 OPENING FILE: 

   DEM File #:        87
   DEM File Name: TMPDM086.DM1

   Partial analysis of file structure using first    10240 characters.

     Number of bytes read:        10240
     File Type:            One Continuous Record - ASCII File
 
 CLOSING THE FILE.

***********************
 OPENING FILE: 

   DEM File #:        88
   DEM File Name: TMPDM087.DM1

   Partial analysis of file structure using first    10240 characters.

     Number of bytes read:        10240
     File Type:            One Continuous Record - ASCII File
 
 CLOSING THE FILE.

***********************
 OPENING FILE: 

   DEM File #:        89
   DEM File Name: TMPDM088.DM1

   Partial analysis of file structure using first    10240 characters.

     Number of bytes read:        10240
     File Type:            One Continuous Record - ASCII File
 
 CLOSING THE FILE.

 Exiting DEMCHK
 Exiting CHKADJ
 Exiting RECCNV
 Exiting SRCCNV
 Exiting DEMREC
 Exiting DEMSRC

+Initializing Terrain Data...
 This may take few a minutes...

 Exiting INITER_DEM

+Now Processing Source         1 of       1

+Now Processing Receptor       1 of     441
+Now Processing Receptor       2 of     441
+Now Processing Receptor       3 of     441
+Now Processing Receptor       4 of     441
+Now Processing Receptor       5 of     441
+Now Processing Receptor       6 of     441
+Now Processing Receptor       7 of     441
+Now Processing Receptor       8 of     441
+Now Processing Receptor       9 of     441
+Now Processing Receptor      10 of     441
+Now Processing Receptor      11 of     441
+Now Processing Receptor      12 of     441
+Now Processing Receptor      13 of     441
+Now Processing Receptor      14 of     441
+Now Processing Receptor      15 of     441
+Now Processing Receptor      16 of     441
+Now Processing Receptor      17 of     441
+Now Processing Receptor      18 of     441
+Now Processing Receptor      19 of     441
+Now Processing Receptor      20 of     441
+Now Processing Receptor      21 of     441
+Now Processing Receptor      22 of     441
+Now Processing Receptor      23 of     441
+Now Processing Receptor      24 of     441
+Now Processing Receptor      25 of     441
+Now Processing Receptor      26 of     441
+Now Processing Receptor      27 of     441
+Now Processing Receptor      28 of     441
+Now Processing Receptor      29 of     441
+Now Processing Receptor      30 of     441
+Now Processing Receptor      31 of     441
+Now Processing Receptor      32 of     441
+Now Processing Receptor      33 of     441
+Now Processing Receptor      34 of     441
+Now Processing Receptor      35 of     441
+Now Processing Receptor      36 of     441
+Now Processing Receptor      37 of     441
+Now Processing Receptor      38 of     441
+Now Processing Receptor      39 of     441
+Now Processing Receptor      40 of     441
+Now Processing Receptor      41 of     441
+Now Processing Receptor      42 of     441
+Now Processing Receptor      43 of     441
+Now Processing Receptor      44 of     441
+Now Processing Receptor      45 of     441
+Now Processing Receptor      46 of     441
+Now Processing Receptor      47 of     441
+Now Processing Receptor      48 of     441
+Now Processing Receptor      49 of     441
+Now Processing Receptor      50 of     441
+Now Processing Receptor      51 of     441
+Now Processing Receptor      52 of     441
+Now Processing Receptor      53 of     441
+Now Processing Receptor      54 of     441
+Now Processing Receptor      55 of     441
+Now Processing Receptor      56 of     441
+Now Processing Receptor      57 of     441
+Now Processing Receptor      58 of     441
+Now Processing Receptor      59 of     441
+Now Processing Receptor      60 of     441
+Now Processing Receptor      61 of     441
+Now Processing Receptor      62 of     441
+Now Processing Receptor      63 of     441
+Now Processing Receptor      64 of     441
+Now Processing Receptor      65 of     441
+Now Processing Receptor      66 of     441
+Now Processing Receptor      67 of     441
+Now Processing Receptor      68 of     441
+Now Processing Receptor      69 of     441
+Now Processing Receptor      70 of     441
+Now Processing Receptor      71 of     441
+Now Processing Receptor      72 of     441
+Now Processing Receptor      73 of     441
+Now Processing Receptor      74 of     441
+Now Processing Receptor      75 of     441
+Now Processing Receptor      76 of     441
+Now Processing Receptor      77 of     441
+Now Processing Receptor      78 of     441
+Now Processing Receptor      79 of     441
+Now Processing Receptor      80 of     441
+Now Processing Receptor      81 of     441
+Now Processing Receptor      82 of     441
+Now Processing Receptor      83 of     441
+Now Processing Receptor      84 of     441
+Now Processing Receptor      85 of     441
+Now Processing Receptor      86 of     441
+Now Processing Receptor      87 of     441
+Now Processing Receptor      88 of     441
+Now Processing Receptor      89 of     441
+Now Processing Receptor      90 of     441
+Now Processing Receptor      91 of     441
+Now Processing Receptor      92 of     441
+Now Processing Receptor      93 of     441
+Now Processing Receptor      94 of     441
+Now Processing Receptor      95 of     441
+Now Processing Receptor      96 of     441
+Now Processing Receptor      97 of     441
+Now Processing Receptor      98 of     441
+Now Processing Receptor      99 of     441
+Now Processing Receptor     100 of     441
+Now Processing Receptor     101 of     441
+Now Processing Receptor     102 of     441
+Now Processing Receptor     103 of     441
+Now Processing Receptor     104 of     441
+Now Processing Receptor     105 of     441
+Now Processing Receptor     106 of     441
+Now Processing Receptor     107 of     441
+Now Processing Receptor     108 of     441
+Now Processing Receptor     109 of     441
+Now Processing Receptor     110 of     441
+Now Processing Receptor     111 of     441
+Now Processing Receptor     112 of     441
+Now Processing Receptor     113 of     441
+Now Processing Receptor     114 of     441
+Now Processing Receptor     115 of     441
+Now Processing Receptor     116 of     441
+Now Processing Receptor     117 of     441
+Now Processing Receptor     118 of     441
+Now Processing Receptor     119 of     441
+Now Processing Receptor     120 of     441
+Now Processing Receptor     121 of     441
+Now Processing Receptor     122 of     441
+Now Processing Receptor     123 of     441
+Now Processing Receptor     124 of     441
+Now Processing Receptor     125 of     441
+Now Processing Receptor     126 of     441
+Now Processing Receptor     127 of     441
+Now Processing Receptor     128 of     441
+Now Processing Receptor     129 of     441
+Now Processing Receptor     130 of     441
+Now Processing Receptor     131 of     441
+Now Processing Receptor     132 of     441
+Now Processing Receptor     133 of     441
+Now Processing Receptor     134 of     441
+Now Processing Receptor     135 of     441
+Now Processing Receptor     136 of     441
+Now Processing Receptor     137 of     441
+Now Processing Receptor     138 of     441
+Now Processing Receptor     139 of     441
+Now Processing Receptor     140 of     441
+Now Processing Receptor     141 of     441
+Now Processing Receptor     142 of     441
+Now Processing Receptor     143 of     441
+Now Processing Receptor     144 of     441
+Now Processing Receptor     145 of     441
+Now Processing Receptor     146 of     441
+Now Processing Receptor     147 of     441
+Now Processing Receptor     148 of     441
+Now Processing Receptor     149 of     441
+Now Processing Receptor     150 of     441
+Now Processing Receptor     151 of     441
+Now Processing Receptor     152 of     441
+Now Processing Receptor     153 of     441
+Now Processing Receptor     154 of     441
+Now Processing Receptor     155 of     441
+Now Processing Receptor     156 of     441
+Now Processing Receptor     157 of     441
+Now Processing Receptor     158 of     441
+Now Processing Receptor     159 of     441
+Now Processing Receptor     160 of     441
+Now Processing Receptor     161 of     441
+Now Processing Receptor     162 of     441
+Now Processing Receptor     163 of     441
+Now Processing Receptor     164 of     441
+Now Processing Receptor     165 of     441
+Now Processing Receptor     166 of     441
+Now Processing Receptor     167 of     441
+Now Processing Receptor     168 of     441
+Now Processing Receptor     169 of     441
+Now Processing Receptor     170 of     441
+Now Processing Receptor     171 of     441
+Now Processing Receptor     172 of     441
+Now Processing Receptor     173 of     441
+Now Processing Receptor     174 of     441
+Now Processing Receptor     175 of     441
+Now Processing Receptor     176 of     441
+Now Processing Receptor     177 of     441
+Now Processing Receptor     178 of     441
+Now Processing Receptor     179 of     441
+Now Processing Receptor     180 of     441
+Now Processing Receptor     181 of     441
+Now Processing Receptor     182 of     441
+Now Processing Receptor     183 of     441
+Now Processing Receptor     184 of     441
+Now Processing Receptor     185 of     441
+Now Processing Receptor     186 of     441
+Now Processing Receptor     187 of     441
+Now Processing Receptor     188 of     441
+Now Processing Receptor     189 of     441
+Now Processing Receptor     190 of     441
+Now Processing Receptor     191 of     441
+Now Processing Receptor     192 of     441
+Now Processing Receptor     193 of     441
+Now Processing Receptor     194 of     441
+Now Processing Receptor     195 of     441
+Now Processing Receptor     196 of     441
+Now Processing Receptor     197 of     441
+Now Processing Receptor     198 of     441
+Now Processing Receptor     199 of     441
+Now Processing Receptor     200 of     441
+Now Processing Receptor     201 of     441
+Now Processing Receptor     202 of     441
+Now Processing Receptor     203 of     441
+Now Processing Receptor     204 of     441
+Now Processing Receptor     205 of     441
+Now Processing Receptor     206 of     441
+Now Processing Receptor     207 of     441
+Now Processing Receptor     208 of     441
+Now Processing Receptor     209 of     441
+Now Processing Receptor     210 of     441
+Now Processing Receptor     211 of     441
+Now Processing Receptor     212 of     441
+Now Processing Receptor     213 of     441
+Now Processing Receptor     214 of     441
+Now Processing Receptor     215 of     441
+Now Processing Receptor     216 of     441
+Now Processing Receptor     217 of     441
+Now Processing Receptor     218 of     441
+Now Processing Receptor     219 of     441
+Now Processing Receptor     220 of     441
+Now Processing Receptor     221 of     441
+Now Processing Receptor     222 of     441
+Now Processing Receptor     223 of     441
+Now Processing Receptor     224 of     441
+Now Processing Receptor     225 of     441
+Now Processing Receptor     226 of     441
+Now Processing Receptor     227 of     441
+Now Processing Receptor     228 of     441
+Now Processing Receptor     229 of     441
+Now Processing Receptor     230 of     441
+Now Processing Receptor     231 of     441
+Now Processing Receptor     232 of     441
+Now Processing Receptor     233 of     441
+Now Processing Receptor     234 of     441
+Now Processing Receptor     235 of     441
+Now Processing Receptor     236 of     441
+Now Processing Receptor     237 of     441
+Now Processing Receptor     238 of     441
+Now Processing Receptor     239 of     441
+Now Processing Receptor     240 of     441
+Now Processing Receptor     241 of     441
+Now Processing Receptor     242 of     441
+Now Processing Receptor     243 of     441
+Now Processing Receptor     244 of     441
+Now Processing Receptor     245 of     441
+Now Processing Receptor     246 of     441
+Now Processing Receptor     247 of     441
+Now Processing Receptor     248 of     441
+Now Processing Receptor     249 of     441
+Now Processing Receptor     250 of     441
+Now Processing Receptor     251 of     441
+Now Processing Receptor     252 of     441
+Now Processing Receptor     253 of     441
+Now Processing Receptor     254 of     441
+Now Processing Receptor     255 of     441
+Now Processing Receptor     256 of     441
+Now Processing Receptor     257 of     441
+Now Processing Receptor     258 of     441
+Now Processing Receptor     259 of     441
+Now Processing Receptor     260 of     441
+Now Processing Receptor     261 of     441
+Now Processing Receptor     262 of     441
+Now Processing Receptor     263 of     441
+Now Processing Receptor     264 of     441
+Now Processing Receptor     265 of     441
+Now Processing Receptor     266 of     441
+Now Processing Receptor     267 of     441
+Now Processing Receptor     268 of     441
+Now Processing Receptor     269 of     441
+Now Processing Receptor     270 of     441
+Now Processing Receptor     271 of     441
+Now Processing Receptor     272 of     441
+Now Processing Receptor     273 of     441
+Now Processing Receptor     274 of     441
+Now Processing Receptor     275 of     441
+Now Processing Receptor     276 of     441
+Now Processing Receptor     277 of     441
+Now Processing Receptor     278 of     441
+Now Processing Receptor     279 of     441
+Now Processing Receptor     280 of     441
+Now Processing Receptor     281 of     441
+Now Processing Receptor     282 of     441
+Now Processing Receptor     283 of     441
+Now Processing Receptor     284 of     441
+Now Processing Receptor     285 of     441
+Now Processing Receptor     286 of     441
+Now Processing Receptor     287 of     441
+Now Processing Receptor     288 of     441
+Now Processing Receptor     289 of     441
+Now Processing Receptor     290 of     441
+Now Processing Receptor     291 of     441
+Now Processing Receptor     292 of     441
+Now Processing Receptor     293 of     441
+Now Processing Receptor     294 of     441
+Now Processing Receptor     295 of     441
+Now Processing Receptor     296 of     441
+Now Processing Receptor     297 of     441
+Now Processing Receptor     298 of     441
+Now Processing Receptor     299 of     441
+Now Processing Receptor     300 of     441
+Now Processing Receptor     301 of     441
+Now Processing Receptor     302 of     441
+Now Processing Receptor     303 of     441
+Now Processing Receptor     304 of     441
+Now Processing Receptor     305 of     441
+Now Processing Receptor     306 of     441
+Now Processing Receptor     307 of     441
+Now Processing Receptor     308 of     441
+Now Processing Receptor     309 of     441
+Now Processing Receptor     310 of     441
+Now Processing Receptor     311 of     441
+Now Processing Receptor     312 of     441
+Now Processing Receptor     313 of     441
+Now Processing Receptor     314 of     441
+Now Processing Receptor     315 of     441
+Now Processing Receptor     316 of     441
+Now Processing Receptor     317 of     441
+Now Processing Receptor     318 of     441
+Now Processing Receptor     319 of     441
+Now Processing Receptor     320 of     441
+Now Processing Receptor     321 of     441
+Now Processing Receptor     322 of     441
+Now Processing Receptor     323 of     441
+Now Processing Receptor     324 of     441
+Now Processing Receptor     325 of     441
+Now Processing Receptor     326 of     441
+Now Processing Receptor     327 of     441
+Now Processing Receptor     328 of     441
+Now Processing Receptor     329 of     441
+Now Processing Receptor     330 of     441
+Now Processing Receptor     331 of     441
+Now Processing Receptor     332 of     441
+Now Processing Receptor     333 of     441
+Now Processing Receptor     334 of     441
+Now Processing Receptor     335 of     441
+Now Processing Receptor     336 of     441
+Now Processing Receptor     337 of     441
+Now Processing Receptor     338 of     441
+Now Processing Receptor     339 of     441
+Now Processing Receptor     340 of     441
+Now Processing Receptor     341 of     441
+Now Processing Receptor     342 of     441
+Now Processing Receptor     343 of     441
+Now Processing Receptor     344 of     441
+Now Processing Receptor     345 of     441
+Now Processing Receptor     346 of     441
+Now Processing Receptor     347 of     441
+Now Processing Receptor     348 of     441
+Now Processing Receptor     349 of     441
+Now Processing Receptor     350 of     441
+Now Processing Receptor     351 of     441
+Now Processing Receptor     352 of     441
+Now Processing Receptor     353 of     441
+Now Processing Receptor     354 of     441
+Now Processing Receptor     355 of     441
+Now Processing Receptor     356 of     441
+Now Processing Receptor     357 of     441
+Now Processing Receptor     358 of     441
+Now Processing Receptor     359 of     441
+Now Processing Receptor     360 of     441
+Now Processing Receptor     361 of     441
+Now Processing Receptor     362 of     441
+Now Processing Receptor     363 of     441
+Now Processing Receptor     364 of     441
+Now Processing Receptor     365 of     441
+Now Processing Receptor     366 of     441
+Now Processing Receptor     367 of     441
+Now Processing Receptor     368 of     441
+Now Processing Receptor     369 of     441
+Now Processing Receptor     370 of     441
+Now Processing Receptor     371 of     441
+Now Processing Receptor     372 of     441
+Now Processing Receptor     373 of     441
+Now Processing Receptor     374 of     441
+Now Processing Receptor     375 of     441
+Now Processing Receptor     376 of     441
+Now Processing Receptor     377 of     441
+Now Processing Receptor     378 of     441
+Now Processing Receptor     379 of     441
+Now Processing Receptor     380 of     441
+Now Processing Receptor     381 of     441
+Now Processing Receptor     382 of     441
+Now Processing Receptor     383 of     441
+Now Processing Receptor     384 of     441
+Now Processing Receptor     385 of     441
+Now Processing Receptor     386 of     441
+Now Processing Receptor     387 of     441
+Now Processing Receptor     388 of     441
+Now Processing Receptor     389 of     441
+Now Processing Receptor     390 of     441
+Now Processing Receptor     391 of     441
+Now Processing Receptor     392 of     441
+Now Processing Receptor     393 of     441
+Now Processing Receptor     394 of     441
+Now Processing Receptor     395 of     441
+Now Processing Receptor     396 of     441
+Now Processing Receptor     397 of     441
+Now Processing Receptor     398 of     441
+Now Processing Receptor     399 of     441
+Now Processing Receptor     400 of     441
+Now Processing Receptor     401 of     441
+Now Processing Receptor     402 of     441
+Now Processing Receptor     403 of     441
+Now Processing Receptor     404 of     441
+Now Processing Receptor     405 of     441
+Now Processing Receptor     406 of     441
+Now Processing Receptor     407 of     441
+Now Processing Receptor     408 of     441
+Now Processing Receptor     409 of     441
+Now Processing Receptor     410 of     441
+Now Processing Receptor     411 of     441
+Now Processing Receptor     412 of     441
+Now Processing Receptor     413 of     441
+Now Processing Receptor     414 of     441
+Now Processing Receptor     415 of     441
+Now Processing Receptor     416 of     441
+Now Processing Receptor     417 of     441
+Now Processing Receptor     418 of     441
+Now Processing Receptor     419 of     441
+Now Processing Receptor     420 of     441
+Now Processing Receptor     421 of     441
+Now Processing Receptor     422 of     441
+Now Processing Receptor     423 of     441
+Now Processing Receptor     424 of     441
+Now Processing Receptor     425 of     441
+Now Processing Receptor     426 of     441
+Now Processing Receptor     427 of     441
+Now Processing Receptor     428 of     441
+Now Processing Receptor     429 of     441
+Now Processing Receptor     430 of     441
+Now Processing Receptor     431 of     441
+Now Processing Receptor     432 of     441
+Now Processing Receptor     433 of     441
+Now Processing Receptor     434 of     441
+Now Processing Receptor     435 of     441
+Now Processing Receptor     436 of     441
+Now Processing Receptor     437 of     441
+Now Processing Receptor     438 of     441
+Now Processing Receptor     439 of     441
+Now Processing Receptor     440 of     441
+Now Processing Receptor     441 of     441
