+Now Processing SETUP Information
+Now Processing Data For Day No.    1 of 2017
+Now Processing Data For Day No.    2 of 2017
+Now Processing Data For Day No.    3 of 2017
+Now Processing Data For Day No.    4 of 2017
+Now Processing Data For Day No.    5 of 2017
+Now Processing Data For Day No.    6 of 2017
+Now Processing Data For Day No.    7 of 2017
+Now Processing Data For Day No.    8 of 2017
+Now Processing Data For Day No.    9 of 2017
+Now Processing Data For Day No.   10 of 2017
+Now Processing Data For Day No.   11 of 2017
+Now Processing Data For Day No.   12 of 2017
+Now Processing Data For Day No.   13 of 2017
+Now Processing Data For Day No.   14 of 2017
+Now Processing Data For Day No.   15 of 2017
+Now Processing Data For Day No.   16 of 2017
+Now Processing Data For Day No.   17 of 2017
+Now Processing Data For Day No.   18 of 2017
+Now Processing Data For Day No.   19 of 2017
+Now Processing Data For Day No.   20 of 2017
+Now Processing Data For Day No.   21 of 2017
+Now Processing Data For Day No.   22 of 2017
+Now Processing Data For Day No.   23 of 2017
+Now Processing Data For Day No.   24 of 2017
+Now Processing Data For Day No.   25 of 2017
+Now Processing Data For Day No.   26 of 2017
+Now Processing Data For Day No.   27 of 2017
+Now Processing Data For Day No.   28 of 2017
+Now Processing Data For Day No.   29 of 2017
+Now Processing Data For Day No.   30 of 2017
+Now Processing Data For Day No.   31 of 2017
+Now Processing Data For Day No.   32 of 2017
+Now Processing Data For Day No.   33 of 2017
+Now Processing Data For Day No.   34 of 2017
+Now Processing Data For Day No.   35 of 2017
+Now Processing Data For Day No.   36 of 2017
+Now Processing Data For Day No.   37 of 2017
+Now Processing Data For Day No.   38 of 2017
+Now Processing Data For Day No.   39 of 2017
+Now Processing Data For Day No.   40 of 2017
+Now Processing Data For Day No.   41 of 2017
+Now Processing Data For Day No.   42 of 2017
+Now Processing Data For Day No.   43 of 2017
+Now Processing Data For Day No.   44 of 2017
+Now Processing Data For Day No.   45 of 2017
+Now Processing Data For Day No.   46 of 2017
+Now Processing Data For Day No.   47 of 2017
+Now Processing Data For Day No.   48 of 2017
+Now Processing Data For Day No.   49 of 2017
+Now Processing Data For Day No.   50 of 2017
+Now Processing Data For Day No.   51 of 2017
+Now Processing Data For Day No.   52 of 2017
+Now Processing Data For Day No.   53 of 2017
+Now Processing Data For Day No.   54 of 2017
+Now Processing Data For Day No.   55 of 2017
+Now Processing Data For Day No.   56 of 2017
+Now Processing Data For Day No.   57 of 2017
+Now Processing Data For Day No.   58 of 2017
+Now Processing Data For Day No.   59 of 2017
+Now Processing Data For Day No.   60 of 2017
+Now Processing Data For Day No.   61 of 2017
+Now Processing Data For Day No.   62 of 2017
+Now Processing Data For Day No.   63 of 2017
+Now Processing Data For Day No.   64 of 2017
+Now Processing Data For Day No.   65 of 2017
+Now Processing Data For Day No.   66 of 2017
+Now Processing Data For Day No.   67 of 2017
+Now Processing Data For Day No.   68 of 2017
+Now Processing Data For Day No.   69 of 2017
+Now Processing Data For Day No.   70 of 2017
+Now Processing Data For Day No.   71 of 2017
+Now Processing Data For Day No.   72 of 2017
+Now Processing Data For Day No.   73 of 2017
+Now Processing Data For Day No.   74 of 2017
+Now Processing Data For Day No.   75 of 2017
+Now Processing Data For Day No.   76 of 2017
+Now Processing Data For Day No.   77 of 2017
+Now Processing Data For Day No.   78 of 2017
+Now Processing Data For Day No.   79 of 2017
+Now Processing Data For Day No.   80 of 2017
+Now Processing Data For Day No.   81 of 2017
+Now Processing Data For Day No.   82 of 2017
+Now Processing Data For Day No.   83 of 2017
+Now Processing Data For Day No.   84 of 2017
+Now Processing Data For Day No.   85 of 2017
+Now Processing Data For Day No.   86 of 2017
+Now Processing Data For Day No.   87 of 2017
+Now Processing Data For Day No.   88 of 2017
+Now Processing Data For Day No.   89 of 2017
+Now Processing Data For Day No.   90 of 2017
+Now Processing Data For Day No.   91 of 2017
+Now Processing Data For Day No.   92 of 2017
+Now Processing Data For Day No.   93 of 2017
+Now Processing Data For Day No.   94 of 2017
+Now Processing Data For Day No.   95 of 2017
+Now Processing Data For Day No.   96 of 2017
+Now Processing Data For Day No.   97 of 2017
+Now Processing Data For Day No.   98 of 2017
+Now Processing Data For Day No.   99 of 2017
+Now Processing Data For Day No.  100 of 2017
+Now Processing Data For Day No.  101 of 2017
+Now Processing Data For Day No.  102 of 2017
+Now Processing Data For Day No.  103 of 2017
+Now Processing Data For Day No.  104 of 2017
+Now Processing Data For Day No.  105 of 2017
+Now Processing Data For Day No.  106 of 2017
+Now Processing Data For Day No.  107 of 2017
+Now Processing Data For Day No.  108 of 2017
+Now Processing Data For Day No.  109 of 2017
+Now Processing Data For Day No.  110 of 2017
+Now Processing Data For Day No.  111 of 2017
+Now Processing Data For Day No.  112 of 2017
+Now Processing Data For Day No.  113 of 2017
+Now Processing Data For Day No.  114 of 2017
+Now Processing Data For Day No.  115 of 2017
+Now Processing Data For Day No.  116 of 2017
+Now Processing Data For Day No.  117 of 2017
+Now Processing Data For Day No.  118 of 2017
+Now Processing Data For Day No.  119 of 2017
+Now Processing Data For Day No.  120 of 2017
+Now Processing Data For Day No.  121 of 2017
+Now Processing Data For Day No.  122 of 2017
+Now Processing Data For Day No.  123 of 2017
+Now Processing Data For Day No.  124 of 2017
+Now Processing Data For Day No.  125 of 2017
+Now Processing Data For Day No.  126 of 2017
+Now Processing Data For Day No.  127 of 2017
+Now Processing Data For Day No.  128 of 2017
+Now Processing Data For Day No.  129 of 2017
+Now Processing Data For Day No.  130 of 2017
+Now Processing Data For Day No.  131 of 2017
+Now Processing Data For Day No.  132 of 2017
+Now Processing Data For Day No.  133 of 2017
+Now Processing Data For Day No.  134 of 2017
+Now Processing Data For Day No.  135 of 2017
+Now Processing Data For Day No.  136 of 2017
+Now Processing Data For Day No.  137 of 2017
+Now Processing Data For Day No.  138 of 2017
+Now Processing Data For Day No.  139 of 2017
+Now Processing Data For Day No.  140 of 2017
+Now Processing Data For Day No.  141 of 2017
+Now Processing Data For Day No.  142 of 2017
+Now Processing Data For Day No.  143 of 2017
+Now Processing Data For Day No.  144 of 2017
+Now Processing Data For Day No.  145 of 2017
+Now Processing Data For Day No.  146 of 2017
+Now Processing Data For Day No.  147 of 2017
+Now Processing Data For Day No.  148 of 2017
+Now Processing Data For Day No.  149 of 2017
+Now Processing Data For Day No.  150 of 2017
+Now Processing Data For Day No.  151 of 2017
+Now Processing Data For Day No.  152 of 2017
+Now Processing Data For Day No.  153 of 2017
+Now Processing Data For Day No.  154 of 2017
+Now Processing Data For Day No.  155 of 2017
+Now Processing Data For Day No.  156 of 2017
+Now Processing Data For Day No.  157 of 2017
+Now Processing Data For Day No.  158 of 2017
+Now Processing Data For Day No.  159 of 2017
+Now Processing Data For Day No.  160 of 2017
+Now Processing Data For Day No.  161 of 2017
+Now Processing Data For Day No.  162 of 2017
+Now Processing Data For Day No.  163 of 2017
+Now Processing Data For Day No.  164 of 2017
+Now Processing Data For Day No.  165 of 2017
+Now Processing Data For Day No.  166 of 2017
+Now Processing Data For Day No.  167 of 2017
+Now Processing Data For Day No.  168 of 2017
+Now Processing Data For Day No.  169 of 2017
+Now Processing Data For Day No.  170 of 2017
+Now Processing Data For Day No.  171 of 2017
+Now Processing Data For Day No.  172 of 2017
+Now Processing Data For Day No.  173 of 2017
+Now Processing Data For Day No.  174 of 2017
+Now Processing Data For Day No.  175 of 2017
+Now Processing Data For Day No.  176 of 2017
+Now Processing Data For Day No.  177 of 2017
+Now Processing Data For Day No.  178 of 2017
+Now Processing Data For Day No.  179 of 2017
+Now Processing Data For Day No.  180 of 2017
+Now Processing Data For Day No.  181 of 2017
+Now Processing Data For Day No.  182 of 2017
+Now Processing Data For Day No.  183 of 2017
+Now Processing Data For Day No.  184 of 2017
+Now Processing Data For Day No.  185 of 2017
+Now Processing Data For Day No.  186 of 2017
+Now Processing Data For Day No.  187 of 2017
+Now Processing Data For Day No.  188 of 2017
+Now Processing Data For Day No.  189 of 2017
+Now Processing Data For Day No.  190 of 2017
+Now Processing Data For Day No.  191 of 2017
+Now Processing Data For Day No.  192 of 2017
+Now Processing Data For Day No.  193 of 2017
+Now Processing Data For Day No.  194 of 2017
+Now Processing Data For Day No.  195 of 2017
+Now Processing Data For Day No.  196 of 2017
+Now Processing Data For Day No.  197 of 2017
+Now Processing Data For Day No.  198 of 2017
+Now Processing Data For Day No.  199 of 2017
+Now Processing Data For Day No.  200 of 2017
+Now Processing Data For Day No.  201 of 2017
+Now Processing Data For Day No.  202 of 2017
+Now Processing Data For Day No.  203 of 2017
+Now Processing Data For Day No.  204 of 2017
+Now Processing Data For Day No.  205 of 2017
+Now Processing Data For Day No.  206 of 2017
+Now Processing Data For Day No.  207 of 2017
+Now Processing Data For Day No.  208 of 2017
+Now Processing Data For Day No.  209 of 2017
+Now Processing Data For Day No.  210 of 2017
+Now Processing Data For Day No.  211 of 2017
+Now Processing Data For Day No.  212 of 2017
+Now Processing Data For Day No.  213 of 2017
+Now Processing Data For Day No.  214 of 2017
+Now Processing Data For Day No.  215 of 2017
+Now Processing Data For Day No.  216 of 2017
+Now Processing Data For Day No.  217 of 2017
+Now Processing Data For Day No.  218 of 2017
+Now Processing Data For Day No.  219 of 2017
+Now Processing Data For Day No.  220 of 2017
+Now Processing Data For Day No.  221 of 2017
+Now Processing Data For Day No.  222 of 2017
+Now Processing Data For Day No.  223 of 2017
+Now Processing Data For Day No.  224 of 2017
+Now Processing Data For Day No.  225 of 2017
+Now Processing Data For Day No.  226 of 2017
+Now Processing Data For Day No.  227 of 2017
+Now Processing Data For Day No.  228 of 2017
+Now Processing Data For Day No.  229 of 2017
+Now Processing Data For Day No.  230 of 2017
+Now Processing Data For Day No.  231 of 2017
+Now Processing Data For Day No.  232 of 2017
+Now Processing Data For Day No.  233 of 2017
+Now Processing Data For Day No.  234 of 2017
+Now Processing Data For Day No.  235 of 2017
+Now Processing Data For Day No.  236 of 2017
+Now Processing Data For Day No.  237 of 2017
+Now Processing Data For Day No.  238 of 2017
+Now Processing Data For Day No.  239 of 2017
+Now Processing Data For Day No.  240 of 2017
+Now Processing Data For Day No.  241 of 2017
+Now Processing Data For Day No.  242 of 2017
+Now Processing Data For Day No.  243 of 2017
+Now Processing Data For Day No.  244 of 2017
+Now Processing Data For Day No.  245 of 2017
+Now Processing Data For Day No.  246 of 2017
+Now Processing Data For Day No.  247 of 2017
+Now Processing Data For Day No.  248 of 2017
+Now Processing Data For Day No.  249 of 2017
+Now Processing Data For Day No.  250 of 2017
+Now Processing Data For Day No.  251 of 2017
+Now Processing Data For Day No.  252 of 2017
+Now Processing Data For Day No.  253 of 2017
+Now Processing Data For Day No.  254 of 2017
+Now Processing Data For Day No.  255 of 2017
+Now Processing Data For Day No.  256 of 2017
+Now Processing Data For Day No.  257 of 2017
+Now Processing Data For Day No.  258 of 2017
+Now Processing Data For Day No.  259 of 2017
+Now Processing Data For Day No.  260 of 2017
+Now Processing Data For Day No.  261 of 2017
+Now Processing Data For Day No.  262 of 2017
+Now Processing Data For Day No.  263 of 2017
+Now Processing Data For Day No.  264 of 2017
+Now Processing Data For Day No.  265 of 2017
+Now Processing Data For Day No.  266 of 2017
+Now Processing Data For Day No.  267 of 2017
+Now Processing Data For Day No.  268 of 2017
+Now Processing Data For Day No.  269 of 2017
+Now Processing Data For Day No.  270 of 2017
+Now Processing Data For Day No.  271 of 2017
+Now Processing Data For Day No.  272 of 2017
+Now Processing Data For Day No.  273 of 2017
+Now Processing Data For Day No.  274 of 2017
+Now Processing Data For Day No.  275 of 2017
+Now Processing Data For Day No.  276 of 2017
+Now Processing Data For Day No.  277 of 2017
+Now Processing Data For Day No.  278 of 2017
+Now Processing Data For Day No.  279 of 2017
+Now Processing Data For Day No.  280 of 2017
+Now Processing Data For Day No.  281 of 2017
+Now Processing Data For Day No.  282 of 2017
+Now Processing Data For Day No.  283 of 2017
+Now Processing Data For Day No.  284 of 2017
+Now Processing Data For Day No.  285 of 2017
+Now Processing Data For Day No.  286 of 2017
+Now Processing Data For Day No.  287 of 2017
+Now Processing Data For Day No.  288 of 2017
+Now Processing Data For Day No.  289 of 2017
+Now Processing Data For Day No.  290 of 2017
+Now Processing Data For Day No.  291 of 2017
+Now Processing Data For Day No.  292 of 2017
+Now Processing Data For Day No.  293 of 2017
+Now Processing Data For Day No.  294 of 2017
+Now Processing Data For Day No.  295 of 2017
+Now Processing Data For Day No.  296 of 2017
+Now Processing Data For Day No.  297 of 2017
+Now Processing Data For Day No.  298 of 2017
+Now Processing Data For Day No.  299 of 2017
+Now Processing Data For Day No.  300 of 2017
+Now Processing Data For Day No.  301 of 2017
+Now Processing Data For Day No.  302 of 2017
+Now Processing Data For Day No.  303 of 2017
+Now Processing Data For Day No.  304 of 2017
+Now Processing Data For Day No.  305 of 2017
+Now Processing Data For Day No.  306 of 2017
+Now Processing Data For Day No.  307 of 2017
+Now Processing Data For Day No.  308 of 2017
+Now Processing Data For Day No.  309 of 2017
+Now Processing Data For Day No.  310 of 2017
+Now Processing Data For Day No.  311 of 2017
+Now Processing Data For Day No.  312 of 2017
+Now Processing Data For Day No.  313 of 2017
+Now Processing Data For Day No.  314 of 2017
+Now Processing Data For Day No.  315 of 2017
+Now Processing Data For Day No.  316 of 2017
+Now Processing Data For Day No.  317 of 2017
+Now Processing Data For Day No.  318 of 2017
+Now Processing Data For Day No.  319 of 2017
+Now Processing Data For Day No.  320 of 2017
+Now Processing Data For Day No.  321 of 2017
+Now Processing Data For Day No.  322 of 2017
+Now Processing Data For Day No.  323 of 2017
+Now Processing Data For Day No.  324 of 2017
+Now Processing Data For Day No.  325 of 2017
+Now Processing Data For Day No.  326 of 2017
+Now Processing Data For Day No.  327 of 2017
+Now Processing Data For Day No.  328 of 2017
+Now Processing Data For Day No.  329 of 2017
+Now Processing Data For Day No.  330 of 2017
+Now Processing Data For Day No.  331 of 2017
+Now Processing Data For Day No.  332 of 2017
+Now Processing Data For Day No.  333 of 2017
+Now Processing Data For Day No.  334 of 2017
+Now Processing Data For Day No.  335 of 2017
+Now Processing Data For Day No.  336 of 2017
+Now Processing Data For Day No.  337 of 2017
+Now Processing Data For Day No.  338 of 2017
+Now Processing Data For Day No.  339 of 2017
+Now Processing Data For Day No.  340 of 2017
+Now Processing Data For Day No.  341 of 2017
+Now Processing Data For Day No.  342 of 2017
+Now Processing Data For Day No.  343 of 2017
+Now Processing Data For Day No.  344 of 2017
+Now Processing Data For Day No.  345 of 2017
+Now Processing Data For Day No.  346 of 2017
+Now Processing Data For Day No.  347 of 2017
+Now Processing Data For Day No.  348 of 2017
+Now Processing Data For Day No.  349 of 2017
+Now Processing Data For Day No.  350 of 2017
+Now Processing Data For Day No.  351 of 2017
+Now Processing Data For Day No.  352 of 2017
+Now Processing Data For Day No.  353 of 2017
+Now Processing Data For Day No.  354 of 2017
+Now Processing Data For Day No.  355 of 2017
+Now Processing Data For Day No.  356 of 2017
+Now Processing Data For Day No.  357 of 2017
+Now Processing Data For Day No.  358 of 2017
+Now Processing Data For Day No.  359 of 2017
+Now Processing Data For Day No.  360 of 2017
+Now Processing Data For Day No.  361 of 2017
+Now Processing Data For Day No.  362 of 2017
+Now Processing Data For Day No.  363 of 2017
+Now Processing Data For Day No.  364 of 2017
+Now Processing Data For Day No.  365 of 2017
+Now Processing Output Options               
