** AERSURFACE Log File, Version 24142                             06/05/25 **
**                                                                22:22:32 **


 *************************** 

 TIFF File Opened: ..\NLCD2020_LC_N39W075.tif

 Data Type: NLCD  2020

 Attempting to read TIFF file header: ..\NLCD2020_LC_N39W075.tif

 Byte order: Little Endian 
 IFD Offset (bytes):              8

 Attempting to read TIFF tags: ..\NLCD2020_LC_N39W075.tif

 Data Columns:   10875
 Data Rows:      12309

 WARNING: TIFF tag   274 (Orientation) was not found - default value used: NLCD
          Orientation = 1; row-major with (0,0) = NW corner

 Spatial Res. X:    30.00000000 (meters)
 Spatial Res. Y:    30.00000000 (meters)
 TIFF Data Organization: Strips
 Model Type:  Projected
 GT Raster Type = Pixel Is Area
 Model Tie Point (NW corner) adjusted to midpoint of pixel.
      X Tie Point:      1466460.00 (meters)
      Y Tie Point:      2295510.00 (meters)

 Horizontal Datum: WGS84

 *************************** 

 TIFF File Opened: ..\NLCD2020_IMP_N39W075.tif

 Data Type: MPRV  2020

 Attempting to read TIFF file header: ..\NLCD2020_IMP_N39W075.tif

 Byte order: Little Endian 
 IFD Offset (bytes):              8

 Attempting to read TIFF tags: ..\NLCD2020_IMP_N39W075.tif

 Data Columns:   10875
 Data Rows:      12309

 WARNING: TIFF tag   274 (Orientation) was not found - default value used: MPRV
          Orientation = 1; row-major with (0,0) = NW corner

 Spatial Res. X:    30.00000000 (meters)
 Spatial Res. Y:    30.00000000 (meters)
 TIFF Data Organization: Strips
 Model Type:  Projected
 GT Raster Type = Pixel Is Area
 Model Tie Point (NW corner) adjusted to midpoint of pixel.
      X Tie Point:      1466460.00 (meters)
      Y Tie Point:      2295510.00 (meters)

 Horizontal Datum: WGS84

 *************************** 

 TIFF File Opened: ..\NLCD2020_CAN_N39W075.tif

 Data Type: CNPY  2020

 Attempting to read TIFF file header: ..\NLCD2020_CAN_N39W075.tif

 Byte order: Little Endian 
 IFD Offset (bytes):              8

 Attempting to read TIFF tags: ..\NLCD2020_CAN_N39W075.tif

 Data Columns:   10875
 Data Rows:      12309

 WARNING: TIFF tag   274 (Orientation) was not found - default value used: CNPY
          Orientation = 1; row-major with (0,0) = NW corner

 Spatial Res. X:    30.00000000 (meters)
 Spatial Res. Y:    30.00000000 (meters)
 TIFF Data Organization: Strips
 Model Type:  Projected
 GT Raster Type = Pixel Is Area
 Model Tie Point (NW corner) adjusted to midpoint of pixel.
      X Tie Point:      1466460.00 (meters)
      Y Tie Point:      2295510.00 (meters)

 Horizontal Datum: NAD83

 ***************************

 Getting grid information for NLCD: ..\NLCD2020_LC_N39W075.tif
 Based on the following input coordinates, converted if needed to LATLON/NAD83: 
    Latitude:     39.170000
    Longitude:   -76.680000

 The study center is located at
    Albers projection X-coordinate:   1642450.
    Albers projection Y-coordinate:   1961494.
    Row in data file:      11135
    Column in data file:    5867

 Rotation of Albers grid to true North (deg):  -11.64808

 ***************************

 Getting grid information for MPRV: ..\NLCD2020_IMP_N39W075.tif
 Based on the following input coordinates, converted if needed to LATLON/NAD83: 
    Latitude:     39.170000
    Longitude:   -76.680000

 The study center is located at
    Albers projection X-coordinate:   1642450.
    Albers projection Y-coordinate:   1961494.
    Row in data file:      11135
    Column in data file:    5867

 Rotation of Albers grid to true North (deg):  -11.64808

 ***************************

 Getting grid information for CNPY: ..\NLCD2020_CAN_N39W075.tif
 Based on the following input coordinates, converted if needed to LATLON/NAD83: 
    Latitude:     39.170000
    Longitude:   -76.680000

 The study center is located at
    Albers projection X-coordinate:   1642450.
    Albers projection Y-coordinate:   1961494.
    Row in data file:      11135
    Column in data file:    5867

 Rotation of Albers grid to true North (deg):  -11.64808

***************************

 Land Cover Counts: Surface Roughness (Within 1000m Radius)

                             SECTOR:        1       2       3       4       5       6       7       8       9      10      11      12
Cat              Starting Direction:      0.0    30.0    60.0    90.0   120.0   150.0   180.0   210.0   240.0   270.0   300.0   330.0
------------------------------------
  0 Missing, Out-of-Bounds, or Unde:        0       0       0       0       0       0       0       0       0       0       0       0
 11                      Open Water:        0       0       0       0       0       0       0       0       0       0       0       0
 12              Perennial Ice/Snow:        0       0       0       0       0       0       0       0       0       0       0       0
 21           Developed, Open Space:      103      48      54     105     218      83      29       4      17      28      93      87
 22        Developed, Low Intensity:       82      51      80      88      29      15      22      73      27      66      41      45
 23     Developed, Medium Intensity:       61      97      80      68       8      19       0       6      20     110      78      71
 24       Developed, High Intensity:       43      98      78      26      14       1       0       0      14      76      79      46
 31    Barren Land (Rock/Sand/Clay):        0       0       0       0       0       0       5      39       0       0       0       0
 32            Unconsolidated Shore:        0       0       0       0       0       0       0       0       0       0       0       0
 41                Deciduous Forest:        0       0       0       7      11      52      67     112      50       1       0      13
 42                Evergreen Forest:        0       0       0       0       0      42      16      13      41       0       0       2
 43                    Mixed Forest:        0       0       0       1       6      48     143      34     121       2       0      26
 51                     Dwarf Scrub:        0       0       0       0       0       0       0       0       0       0       0       0
 52                     Shrub/Scrub:        0       0       0       0       0      10       8       8       0       0       0       0
 71           Grasslands/Herbaceous:        0       0       0       0       0       0       0       0       0       0       0       0
 72                Sedge/Herbaceous:        0       0       0       0       0       0       0       0       0       0       0       0
 73                         Lichens:        0       0       0       0       0       0       0       0       0       0       0       0
 74                            Moss:        0       0       0       0       0       0       0       0       0       0       0       0
 81                     Pasture/Hay:        0       0       0       0       0      15       0       0       0       0       0       0
 82                Cultivated Crops:        0       0       0       0       0       9       0       0       0       0       0       0
 90                  Woody Wetlands:        0       0       0       0       0       0       3       0       0       3       0       0
 91     Palustrine Forested Wetland:        0       0       0       0       0       0       0       0       0       0       0       0
 92  Palustrine Scrub/Shrub Wetland:        0       0       0       0       0       0       0       0       0       0       0       0
 93      Estuarine Forested Wetland:        0       0       0       0       0       0       0       0       0       0       0       0
 94   Estuarine Scrub/Shrub Wetland:        0       0       0       0       0       0       0       0       0       0       0       0
 95     Emergent Herbaceous Wetland:        0       0       0       0       0       0       0       0       0       0       0       0
 96 Palustrine Emergent Wetland (Pe:        0       0       0       0       0       0       0       0       0       0       0       0
 97      Estuarine Emergent Wetland:        0       0       0       0       0       0       0       0       0       0       0       0
 98          Palustrine Aquatic Bed:        0       0       0       0       0       0       0       0       0       0       0       0
 99           Estuarine Aquatic Bed:        0       0       0       0       0       0       0       0       0       0       0       0
------------------------------------
                              Total:      289     294     292     295     286     294     293     289     290     286     291     290

 Land Cover Counts: Bowen Ratio and Albedo (10km X 10km Domain)

  0 Missing, Out-of-Bounds, or Unde:        0
 11                      Open Water:       60
 12              Perennial Ice/Snow:        0
 21           Developed, Open Space:    18573
 22        Developed, Low Intensity:    33475
 23     Developed, Medium Intensity:    29189
 24       Developed, High Intensity:    10874
 31    Barren Land (Rock/Sand/Clay):       79
 32            Unconsolidated Shore:        0
 41                Deciduous Forest:    10583
 42                Evergreen Forest:     1164
 43                    Mixed Forest:     4241
 51                     Dwarf Scrub:        0
 52                     Shrub/Scrub:      166
 71           Grasslands/Herbaceous:       62
 72                Sedge/Herbaceous:        0
 73                         Lichens:        0
 74                            Moss:        0
 81                     Pasture/Hay:       62
 82                Cultivated Crops:       86
 90                  Woody Wetlands:     4931
 91     Palustrine Forested Wetland:        0
 92  Palustrine Scrub/Shrub Wetland:        0
 93      Estuarine Forested Wetland:        0
 94   Estuarine Scrub/Shrub Wetland:        0
 95     Emergent Herbaceous Wetland:       24
 96 Palustrine Emergent Wetland (Pe:        0
 97      Estuarine Emergent Wetland:        0
 98          Palustrine Aquatic Bed:        0
 99           Estuarine Aquatic Bed:        0
------------------------------------
                              Total:   113569

** High Z0 (Non-Airport) Sector IDs: All

 Roughness (m) by Month and Sector
------------------------------------------------------------------------------------------------------------------------
       Start                                                 Month
Sector  Dir       1        2        3        4        5        6        7        8        9       10       11       12
   1     0.0    0.113    0.113    0.137    0.137    0.137    0.158    0.158    0.158    0.139    0.139    0.139    0.113
   2    30.0    0.167    0.167    0.193    0.193    0.193    0.214    0.214    0.214    0.194    0.194    0.194    0.167
   3    60.0    0.156    0.156    0.182    0.182    0.182    0.203    0.203    0.203    0.183    0.183    0.183    0.156
   4    90.0    0.084    0.084    0.109    0.109    0.109    0.130    0.130    0.130    0.112    0.112    0.112    0.084
   5   120.0    0.051    0.051    0.072    0.072    0.072    0.091    0.091    0.091    0.076    0.076    0.076    0.051
   6   150.0    0.277    0.277    0.378    0.378    0.378    0.498    0.498    0.498    0.473    0.473    0.473    0.277
   7   180.0    0.586    0.586    0.780    0.780    0.780    0.937    0.937    0.937    0.922    0.922    0.922    0.586
   8   210.0    0.485    0.485    0.638    0.638    0.638    0.751    0.751    0.751    0.741    0.741    0.741    0.485
   9   240.0    0.631    0.631    0.793    0.793    0.793    0.926    0.926    0.926    0.909    0.909    0.909    0.631
  10   270.0    0.218    0.218    0.251    0.251    0.251    0.278    0.278    0.278    0.256    0.256    0.256    0.218
  11   300.0    0.114    0.114    0.136    0.136    0.136    0.154    0.154    0.154    0.136    0.136    0.136    0.114
  12   330.0    0.150    0.150    0.180    0.180    0.180    0.205    0.205    0.205    0.184    0.184    0.184    0.150
------------------------------------------------------------------------------------------------------------------------


 Roughness Fetch (m) by Month and Sector
------------------------------------------------------------------------------------------------------------------------
       Start                                                 Month
Sector  Dir       1        2        3        4        5        6        7        8        9       10       11       12
   1     0.0   1000.0   1000.0   1000.0   1000.0   1000.0   1000.0   1000.0   1000.0   1000.0   1000.0   1000.0   1000.0
   2    30.0   1000.0   1000.0   1000.0   1000.0   1000.0   1000.0   1000.0   1000.0   1000.0   1000.0   1000.0   1000.0
   3    60.0   1000.0   1000.0   1000.0   1000.0   1000.0   1000.0   1000.0   1000.0   1000.0   1000.0   1000.0   1000.0
   4    90.0   1000.0   1000.0   1000.0   1000.0   1000.0   1000.0   1000.0   1000.0   1000.0   1000.0   1000.0   1000.0
   5   120.0   1000.0   1000.0   1000.0   1000.0   1000.0   1000.0   1000.0   1000.0   1000.0   1000.0   1000.0   1000.0
   6   150.0   1000.0   1000.0   1000.0   1000.0   1000.0   1000.0   1000.0   1000.0   1000.0   1000.0   1000.0   1000.0
   7   180.0   1000.0   1000.0   1000.0   1000.0   1000.0   1000.0   1000.0   1000.0   1000.0   1000.0   1000.0   1000.0
   8   210.0   1000.0   1000.0   1000.0   1000.0   1000.0   1000.0   1000.0   1000.0   1000.0   1000.0   1000.0   1000.0
   9   240.0   1000.0   1000.0   1000.0   1000.0   1000.0   1000.0   1000.0   1000.0   1000.0   1000.0   1000.0   1000.0
  10   270.0   1000.0   1000.0   1000.0   1000.0   1000.0   1000.0   1000.0   1000.0   1000.0   1000.0   1000.0   1000.0
  11   300.0   1000.0   1000.0   1000.0   1000.0   1000.0   1000.0   1000.0   1000.0   1000.0   1000.0   1000.0   1000.0
  12   330.0   1000.0   1000.0   1000.0   1000.0   1000.0   1000.0   1000.0   1000.0   1000.0   1000.0   1000.0   1000.0
------------------------------------------------------------------------------------------------------------------------
 
 Average Roughness Fetch (m) =   1000.0
