** AERSURFACE Output File, Version 24142                          06/05/25 **
**                                                                22:50:28 **

CO STARTING

   TITLEONE  2024 BWI.AMF AERSURFACE

   OPTIONS   PRIMARY  ZORAD
   DEBUGOPT  GRID
   CENTERLL  39.170000  -76.680000  NAD83

   DATAFILE  NLCD2023  "..\NLCD2023_LC_N39W075.tif"

   ZORADIUS  1.00
   CLIMATE   AVERAGE  NOSNOW  NONARID

   FREQ_SECT ANNUAL  12  HIGHZ0
   SECTOR    1    0   30
   SECTOR    2   30   60
   SECTOR    3   60   90
   SECTOR    4   90  120
   SECTOR    5  120  150
   SECTOR    6  150  180
   SECTOR    7  180  210
   SECTOR    8  210  240
   SECTOR    9  240  270
   SECTOR   10  270  300
   SECTOR   11  300  330
   SECTOR   12  330    0

   RUNORNOT RUN

CO FINISHED

OU STARTING

   SFCCHAR  "2024 BWI_sfc.TXT"

   NLCDGRID landcover_debug.txt
   MPRVGRID impervious_debug.txt
   CNPYGRID canopy_debug.txt

OU FINISHED

**********************************************
*** AERSURFACE SETUP Finished Successfully ***
**********************************************

 ********* Errors(E)/Warnings(W) ************

 PW      --- Pathway (if during Setup)       
 Code    --- Error Type + Error Code         
 L#      --- Line # (if during Setup)        
 ModNam  --- Module/Procedure                
 Message --- Hints For The Possible Solution 
 ********************************************

PW CODE   L#  ModNam          MESSAGE                                            HINT
-- ---- ----- --------------- -------------------------------------------------- --------------------
  
CO W297     9 DATAFILE        Check NLCD year based on years of data available   NLCD2023            
CO W294    30 COCARD          Recommended use of Impervious and Canopy data      DATAFILE            

***************************************************
*** AERSURFACE Processing Finished Successfully ***
***************************************************
