** AERSURFACE Log File, Version 24142                             06/05/25 **
**                                                                21:39:58 **


 *************************** 

 TIFF File Opened: ..\NLCD2017_LC_N39W075.tif

 Data Type: NLCD  2017

 Attempting to read TIFF file header: ..\NLCD2017_LC_N39W075.tif

 Byte order: Little Endian 
 IFD Offset (bytes):              8

 Attempting to read TIFF tags: ..\NLCD2017_LC_N39W075.tif

 Data Columns:   10875
 Data Rows:      12309

 WARNING: TIFF tag   274 (Orientation) was not found - default value used: NLCD
          Orientation = 1; row-major with (0,0) = NW corner

 Spatial Res. X:    30.00000000 (meters)
 Spatial Res. Y:    30.00000000 (meters)
 TIFF Data Organization: Strips
 Model Type:  Projected
 GT Raster Type = Pixel Is Area
 Model Tie Point (NW corner) adjusted to midpoint of pixel.
      X Tie Point:      1466460.00 (meters)
      Y Tie Point:      2295510.00 (meters)

 Horizontal Datum: WGS84

 *************************** 

 TIFF File Opened: ..\NLCD2017_IMP_N39W075.tif

 Data Type: MPRV  2017

 Attempting to read TIFF file header: ..\NLCD2017_IMP_N39W075.tif

 Byte order: Little Endian 
 IFD Offset (bytes):              8

 Attempting to read TIFF tags: ..\NLCD2017_IMP_N39W075.tif

 Data Columns:   10875
 Data Rows:      12309

 WARNING: TIFF tag   274 (Orientation) was not found - default value used: MPRV
          Orientation = 1; row-major with (0,0) = NW corner

 Spatial Res. X:    30.00000000 (meters)
 Spatial Res. Y:    30.00000000 (meters)
 TIFF Data Organization: Strips
 Model Type:  Projected
 GT Raster Type = Pixel Is Area
 Model Tie Point (NW corner) adjusted to midpoint of pixel.
      X Tie Point:      1466460.00 (meters)
      Y Tie Point:      2295510.00 (meters)

 Horizontal Datum: WGS84

 *************************** 

 TIFF File Opened: ..\NLCD2017_CAN_N39W075.tif

 Data Type: CNPY  2017

 Attempting to read TIFF file header: ..\NLCD2017_CAN_N39W075.tif

 Byte order: Little Endian 
 IFD Offset (bytes):              8

 Attempting to read TIFF tags: ..\NLCD2017_CAN_N39W075.tif

 Data Columns:   10875
 Data Rows:      12309

 WARNING: TIFF tag   274 (Orientation) was not found - default value used: CNPY
          Orientation = 1; row-major with (0,0) = NW corner

 Spatial Res. X:    30.00000000 (meters)
 Spatial Res. Y:    30.00000000 (meters)
 TIFF Data Organization: Strips
 Model Type:  Projected
 GT Raster Type = Pixel Is Area
 Model Tie Point (NW corner) adjusted to midpoint of pixel.
      X Tie Point:      1466460.00 (meters)
      Y Tie Point:      2295510.00 (meters)

 Horizontal Datum: NAD83

 ***************************

 Getting grid information for NLCD: ..\NLCD2017_LC_N39W075.tif
 Based on the following input coordinates, converted if needed to LATLON/NAD83: 
    Latitude:     39.170000
    Longitude:   -76.680000

 The study center is located at
    Albers projection X-coordinate:   1642450.
    Albers projection Y-coordinate:   1961494.
    Row in data file:      11135
    Column in data file:    5867

 Rotation of Albers grid to true North (deg):  -11.64808

 ***************************

 Getting grid information for MPRV: ..\NLCD2017_IMP_N39W075.tif
 Based on the following input coordinates, converted if needed to LATLON/NAD83: 
    Latitude:     39.170000
    Longitude:   -76.680000

 The study center is located at
    Albers projection X-coordinate:   1642450.
    Albers projection Y-coordinate:   1961494.
    Row in data file:      11135
    Column in data file:    5867

 Rotation of Albers grid to true North (deg):  -11.64808

 ***************************

 Getting grid information for CNPY: ..\NLCD2017_CAN_N39W075.tif
 Based on the following input coordinates, converted if needed to LATLON/NAD83: 
    Latitude:     39.170000
    Longitude:   -76.680000

 The study center is located at
    Albers projection X-coordinate:   1642450.
    Albers projection Y-coordinate:   1961494.
    Row in data file:      11135
    Column in data file:    5867

 Rotation of Albers grid to true North (deg):  -11.64808

***************************

 Land Cover Counts: Surface Roughness (Within 1000m Radius)

                             SECTOR:        1       2       3       4       5       6       7       8       9      10      11      12
Cat              Starting Direction:      0.0    30.0    60.0    90.0   120.0   150.0   180.0   210.0   240.0   270.0   300.0   330.0
------------------------------------
  0 Missing, Out-of-Bounds, or Unde:        0       0       0       0       0       0       0       0       0       0       0       0
 11                      Open Water:        0       0       0       0       0       0       0       0       0       0       0       0
 12              Perennial Ice/Snow:        0       0       0       0       0       0       0       0       0       0       0       0
 21           Developed, Open Space:      103      48      54     104     223      81      29       3      17      33      96      87
 22        Developed, Low Intensity:       85      51      80      90      24      15      21      80      27     142      48      46
 23     Developed, Medium Intensity:       62     101      80      67       8      19       0       8      21      85      78      77
 24       Developed, High Intensity:       39      94      78      26      14       1       0       0      13      20      69      39
 31    Barren Land (Rock/Sand/Clay):        0       0       0       0       0       0       5      37       0       0       0       0
 32            Unconsolidated Shore:        0       0       0       0       0       0       0       0       0       0       0       0
 41                Deciduous Forest:        0       0       0       7      11      50      67     110      50       1       0      13
 42                Evergreen Forest:        0       0       0       0       0      42      16      13      41       0       0       2
 43                    Mixed Forest:        0       0       0       1       6      48     141      34     121       2       0      26
 51                     Dwarf Scrub:        0       0       0       0       0       0       0       0       0       0       0       0
 52                     Shrub/Scrub:        0       0       0       0       0      12      11       4       0       0       0       0
 71           Grasslands/Herbaceous:        0       0       0       0       0       0       0       0       0       0       0       0
 72                Sedge/Herbaceous:        0       0       0       0       0       0       0       0       0       0       0       0
 73                         Lichens:        0       0       0       0       0       0       0       0       0       0       0       0
 74                            Moss:        0       0       0       0       0       0       0       0       0       0       0       0
 81                     Pasture/Hay:        0       0       0       0       0      15       0       0       0       0       0       0
 82                Cultivated Crops:        0       0       0       0       0      11       0       0       0       0       0       0
 90                  Woody Wetlands:        0       0       0       0       0       0       3       0       0       3       0       0
 91     Palustrine Forested Wetland:        0       0       0       0       0       0       0       0       0       0       0       0
 92  Palustrine Scrub/Shrub Wetland:        0       0       0       0       0       0       0       0       0       0       0       0
 93      Estuarine Forested Wetland:        0       0       0       0       0       0       0       0       0       0       0       0
 94   Estuarine Scrub/Shrub Wetland:        0       0       0       0       0       0       0       0       0       0       0       0
 95     Emergent Herbaceous Wetland:        0       0       0       0       0       0       0       0       0       0       0       0
 96 Palustrine Emergent Wetland (Pe:        0       0       0       0       0       0       0       0       0       0       0       0
 97      Estuarine Emergent Wetland:        0       0       0       0       0       0       0       0       0       0       0       0
 98          Palustrine Aquatic Bed:        0       0       0       0       0       0       0       0       0       0       0       0
 99           Estuarine Aquatic Bed:        0       0       0       0       0       0       0       0       0       0       0       0
------------------------------------
                              Total:      289     294     292     295     286     294     293     289     290     286     291     290

 Land Cover Counts: Bowen Ratio and Albedo (10km X 10km Domain)

  0 Missing, Out-of-Bounds, or Unde:        0
 11                      Open Water:       67
 12              Perennial Ice/Snow:        0
 21           Developed, Open Space:    18138
 22        Developed, Low Intensity:    34103
 23     Developed, Medium Intensity:    28877
 24       Developed, High Intensity:    10509
 31    Barren Land (Rock/Sand/Clay):       81
 32            Unconsolidated Shore:        0
 41                Deciduous Forest:    10791
 42                Evergreen Forest:     1222
 43                    Mixed Forest:     4422
 51                     Dwarf Scrub:        0
 52                     Shrub/Scrub:      196
 71           Grasslands/Herbaceous:       13
 72                Sedge/Herbaceous:        0
 73                         Lichens:        0
 74                            Moss:        0
 81                     Pasture/Hay:       75
 82                Cultivated Crops:      113
 90                  Woody Wetlands:     4941
 91     Palustrine Forested Wetland:        0
 92  Palustrine Scrub/Shrub Wetland:        0
 93      Estuarine Forested Wetland:        0
 94   Estuarine Scrub/Shrub Wetland:        0
 95     Emergent Herbaceous Wetland:       21
 96 Palustrine Emergent Wetland (Pe:        0
 97      Estuarine Emergent Wetland:        0
 98          Palustrine Aquatic Bed:        0
 99           Estuarine Aquatic Bed:        0
------------------------------------
                              Total:   113569

** High Z0 (Non-Airport) Sector IDs: All

 Roughness (m) by Month and Sector
------------------------------------------------------------------------------------------------------------------------
       Start                                                 Month
Sector  Dir       1        2        3        4        5        6        7        8        9       10       11       12
   1     0.0    0.100    0.100    0.123    0.123    0.123    0.143    0.143    0.143    0.125    0.125    0.125    0.100
   2    30.0    0.162    0.162    0.188    0.188    0.188    0.209    0.209    0.209    0.189    0.189    0.189    0.162
   3    60.0    0.151    0.151    0.177    0.177    0.177    0.197    0.197    0.197    0.177    0.177    0.177    0.151
   4    90.0    0.081    0.081    0.105    0.105    0.105    0.126    0.126    0.126    0.108    0.108    0.108    0.081
   5   120.0    0.051    0.051    0.071    0.071    0.071    0.090    0.090    0.090    0.075    0.075    0.075    0.051
   6   150.0    0.276    0.276    0.375    0.375    0.375    0.497    0.497    0.497    0.471    0.471    0.471    0.276
   7   180.0    0.587    0.587    0.781    0.781    0.781    0.936    0.936    0.936    0.922    0.922    0.922    0.587
   8   210.0    0.455    0.455    0.600    0.600    0.600    0.709    0.709    0.709    0.696    0.696    0.696    0.455
   9   240.0    0.608    0.608    0.766    0.766    0.766    0.896    0.896    0.896    0.877    0.877    0.877    0.608
  10   270.0    0.117    0.117    0.143    0.143    0.143    0.165    0.165    0.165    0.146    0.146    0.146    0.117
  11   300.0    0.096    0.096    0.117    0.117    0.117    0.134    0.134    0.134    0.117    0.117    0.117    0.096
  12   330.0    0.142    0.142    0.171    0.171    0.171    0.196    0.196    0.196    0.175    0.175    0.175    0.142
------------------------------------------------------------------------------------------------------------------------


 Roughness Fetch (m) by Month and Sector
------------------------------------------------------------------------------------------------------------------------
       Start                                                 Month
Sector  Dir       1        2        3        4        5        6        7        8        9       10       11       12
   1     0.0   1000.0   1000.0   1000.0   1000.0   1000.0   1000.0   1000.0   1000.0   1000.0   1000.0   1000.0   1000.0
   2    30.0   1000.0   1000.0   1000.0   1000.0   1000.0   1000.0   1000.0   1000.0   1000.0   1000.0   1000.0   1000.0
   3    60.0   1000.0   1000.0   1000.0   1000.0   1000.0   1000.0   1000.0   1000.0   1000.0   1000.0   1000.0   1000.0
   4    90.0   1000.0   1000.0   1000.0   1000.0   1000.0   1000.0   1000.0   1000.0   1000.0   1000.0   1000.0   1000.0
   5   120.0   1000.0   1000.0   1000.0   1000.0   1000.0   1000.0   1000.0   1000.0   1000.0   1000.0   1000.0   1000.0
   6   150.0   1000.0   1000.0   1000.0   1000.0   1000.0   1000.0   1000.0   1000.0   1000.0   1000.0   1000.0   1000.0
   7   180.0   1000.0   1000.0   1000.0   1000.0   1000.0   1000.0   1000.0   1000.0   1000.0   1000.0   1000.0   1000.0
   8   210.0   1000.0   1000.0   1000.0   1000.0   1000.0   1000.0   1000.0   1000.0   1000.0   1000.0   1000.0   1000.0
   9   240.0   1000.0   1000.0   1000.0   1000.0   1000.0   1000.0   1000.0   1000.0   1000.0   1000.0   1000.0   1000.0
  10   270.0   1000.0   1000.0   1000.0   1000.0   1000.0   1000.0   1000.0   1000.0   1000.0   1000.0   1000.0   1000.0
  11   300.0   1000.0   1000.0   1000.0   1000.0   1000.0   1000.0   1000.0   1000.0   1000.0   1000.0   1000.0   1000.0
  12   330.0   1000.0   1000.0   1000.0   1000.0   1000.0   1000.0   1000.0   1000.0   1000.0   1000.0   1000.0   1000.0
------------------------------------------------------------------------------------------------------------------------
 
 Average Roughness Fetch (m) =   1000.0
